# JRE version: Java(TM) SE Runtime Environment (8.0_381) (build 1.8.0_381-b09)
# Java VM: Java HotSpot(TM) 64-Bit Server VM (25.381-b09 mixed mode bsd-aarch64 compressed oops)
Heap:
 PSYoungGen      total 38400K, used 33280K [0x0000000795580000, 0x000000079a080000, 0x00000007c0000000)
  eden space 33280K, 100% used [0x0000000795580000,0x0000000797600000,0x0000000797600000)
  from space 5120K, 0% used [0x0000000797600000,0x0000000797600000,0x0000000797b00000)
  to   space 5120K, 0% used [0x0000000799b80000,0x0000000799b80000,0x000000079a080000)
 ParOldGen       total 58368K, used 10783K [0x0000000740000000, 0x0000000743900000, 0x0000000795580000)
  object space 58368K, 18% used [0x0000000740000000,0x0000000740a87c30,0x0000000743900000)
 Metaspace       used 21359K, capacity 22033K, committed 22272K, reserved 1069056K
  class space    used 3084K, capacity 3300K, committed 3328K, reserved 1048576K
GC Heap History (8 events):
Event: 5.784 GC heap before
{Heap before GC invocations=1 (full 0):
 PSYoungGen      total 38400K, used 33280K [0x0000000795580000, 0x0000000798000000, 0x00000007c0000000)
  eden space 33280K, 100% used [0x0000000795580000,0x0000000797600000,0x0000000797600000)
  from space 5120K, 0% used [0x0000000797b00000,0x0000000797b00000,0x0000000798000000)
  to   space 5120K, 0% used [0x0000000797600000,0x0000000797600000,0x0000000797b00000)
 ParOldGen       total 87552K, used 0K [0x0000000740000000, 0x0000000745580000, 0x0000000795580000)
  object space 87552K, 0% used [0x0000000740000000,0x0000000740000000,0x0000000745580000)
 Metaspace       used 11514K, capacity 11822K, committed 11904K, reserved 1058816K
  class space    used 1484K, capacity 1593K, committed 1664K, reserved 1048576K
Event: 5.789 GC heap after
Heap after GC invocations=1 (full 0):
 PSYoungGen      total 38400K, used 5112K [0x0000000795580000, 0x0000000798000000, 0x00000007c0000000)
  eden space 33280K, 0% used [0x0000000795580000,0x0000000795580000,0x0000000797600000)
  from space 5120K, 99% used [0x0000000797600000,0x0000000797afe2a0,0x0000000797b00000)
  to   space 5120K, 0% used [0x0000000797b00000,0x0000000797b00000,0x0000000798000000)
 ParOldGen       total 87552K, used 233K [0x0000000740000000, 0x0000000745580000, 0x0000000795580000)
  object space 87552K, 0% used [0x0000000740000000,0x000000074003a6f8,0x0000000745580000)
 Metaspace       used 11514K, capacity 11822K, committed 11904K, reserved 1058816K
  class space    used 1484K, capacity 1593K, committed 1664K, reserved 1048576K
}
Event: 6.102 GC heap before
{Heap before GC invocations=2 (full 0):
 PSYoungGen      total 38400K, used 38392K [0x0000000795580000, 0x0000000798000000, 0x00000007c0000000)
  eden space 33280K, 100% used [0x0000000795580000,0x0000000797600000,0x0000000797600000)
  from space 5120K, 99% used [0x0000000797600000,0x0000000797afe2a0,0x0000000797b00000)
  to   space 5120K, 0% used [0x0000000797b00000,0x0000000797b00000,0x0000000798000000)
 ParOldGen       total 87552K, used 233K [0x0000000740000000, 0x0000000745580000, 0x0000000795580000)
  object space 87552K, 0% used [0x0000000740000000,0x000000074003a6f8,0x0000000745580000)
 Metaspace       used 18381K, capacity 18844K, committed 19200K, reserved 1064960K
  class space    used 2612K, capacity 2723K, committed 2816K, reserved 1048576K
Event: 6.106 GC heap after
Heap after GC invocations=2 (full 0):
 PSYoungGen      total 38400K, used 5116K [0x0000000795580000, 0x0000000798000000, 0x00000007c0000000)
  eden space 33280K, 0% used [0x0000000795580000,0x0000000795580000,0x0000000797600000)
  from space 5120K, 99% used [0x0000000797b00000,0x0000000797fff110,0x0000000798000000)
  to   space 5120K, 0% used [0x0000000797600000,0x0000000797600000,0x0000000797b00000)
 ParOldGen       total 87552K, used 6994K [0x0000000740000000, 0x0000000745580000, 0x0000000795580000)
  object space 87552K, 7% used [0x0000000740000000,0x00000007406d49f0,0x0000000745580000)
 Metaspace       used 18381K, capacity 18844K, committed 19200K, reserved 1064960K
  class space    used 2612K, capacity 2723K, committed 2816K, reserved 1048576K
}
Event: 6.478 GC heap before
{Heap before GC invocations=3 (full 0):
 PSYoungGen      total 38400K, used 19120K [0x0000000795580000, 0x0000000798000000, 0x00000007c0000000)
  eden space 33280K, 42% used [0x0000000795580000,0x000000079632d190,0x0000000797600000)
  from space 5120K, 99% used [0x0000000797b00000,0x0000000797fff110,0x0000000798000000)
  to   space 5120K, 0% used [0x0000000797600000,0x0000000797600000,0x0000000797b00000)
 ParOldGen       total 87552K, used 6994K [0x0000000740000000, 0x0000000745580000, 0x0000000795580000)
  object space 87552K, 7% used [0x0000000740000000,0x00000007406d49f0,0x0000000745580000)
 Metaspace       used 20656K, capacity 21219K, committed 21296K, reserved 1067008K
  class space    used 2966K, capacity 3123K, committed 3200K, reserved 1048576K
Event: 6.485 GC heap after
Heap after GC invocations=3 (full 0):
 PSYoungGen      total 38400K, used 5116K [0x0000000795580000, 0x000000079a080000, 0x00000007c0000000)
  eden space 33280K, 0% used [0x0000000795580000,0x0000000795580000,0x0000000797600000)
  from space 5120K, 99% used [0x0000000797600000,0x0000000797aff110,0x0000000797b00000)
  to   space 5120K, 0% used [0x0000000799b80000,0x0000000799b80000,0x000000079a080000)
 ParOldGen       total 87552K, used 7441K [0x0000000740000000, 0x0000000745580000, 0x0000000795580000)
  object space 87552K, 8% used [0x0000000740000000,0x00000007407446d8,0x0000000745580000)
 Metaspace       used 20656K, capacity 21219K, committed 21296K, reserved 1067008K
  class space    used 2966K, capacity 3123K, committed 3200K, reserved 1048576K
}
Event: 6.485 GC heap before
{Heap before GC invocations=4 (full 1):
 PSYoungGen      total 38400K, used 5116K [0x0000000795580000, 0x000000079a080000, 0x00000007c0000000)
  eden space 33280K, 0% used [0x0000000795580000,0x0000000795580000,0x0000000797600000)
  from space 5120K, 99% used [0x0000000797600000,0x0000000797aff110,0x0000000797b00000)
  to   space 5120K, 0% used [0x0000000799b80000,0x0000000799b80000,0x000000079a080000)
 ParOldGen       total 87552K, used 7441K [0x0000000740000000, 0x0000000745580000, 0x0000000795580000)
  object space 87552K, 8% used [0x0000000740000000,0x00000007407446d8,0x0000000745580000)
 Metaspace       used 20656K, capacity 21219K, committed 21296K, reserved 1067008K
  class space    used 2966K, capacity 3123K, committed 3200K, reserved 1048576K
Event: 6.501 GC heap after
Heap after GC invocations=4 (full 1):
 PSYoungGen      total 38400K, used 0K [0x0000000795580000, 0x000000079a080000, 0x00000007c0000000)
  eden space 33280K, 0% used [0x0000000795580000,0x0000000795580000,0x0000000797600000)
  from space 5120K, 0% used [0x0000000797600000,0x0000000797600000,0x0000000797b00000)
  to   space 5120K, 0% used [0x0000000799b80000,0x0000000799b80000,0x000000079a080000)
 ParOldGen       total 58368K, used 10781K [0x0000000740000000, 0x0000000743900000, 0x0000000795580000)
  object space 58368K, 18% used [0x0000000740000000,0x0000000740a876a8,0x0000000743900000)
 Metaspace       used 20656K, capacity 21219K, committed 21296K, reserved 1067008K
  class space    used 2966K, capacity 3123K, committed 3200K, reserved 1048576K
}

